"../../../Engine/Content/EngineMaterials/T_Default_Material_Grid_N.uasset" 0
"../../../Engine/Content/EngineMaterials/T_Default_Material_Grid_M.uasset" 1
"../../../Engine/Content/Functions/Engine_MaterialFunctions01/Opacity/CameraDepthFade.uasset" 2
"../../../Engine/Content/EngineMaterials/WorldGridMaterial.uasset" 3
"../../../Engine/Content/ArtTools/RenderToTexture/Meshes/S_1_Unit_Plane.uasset" 4
"../../../Engine/Content/EngineMaterials/DefaultMaterial.uasset" 5
"../../../Engine/Content/BasicShapes/Cone.uasset" 6
"../../../Engine/Content/BasicShapes/Sphere.uasset" 7
"../../../Engine/Content/EngineMaterials/DefaultPhysicalMaterial.uasset" 8
"../../../Engine/Content/BufferVisualization/AmbientOcclusion.uasset" 9
"../../../Engine/Content/Functions/Engine_MaterialFunctions02/Utility/AppendMany.uasset" 10
"../../../Engine/Content/BufferVisualization/Anisotropy.uasset" 11
"../../../Engine/Content/BufferVisualization/BaseColor.uasset" 12
"../../../Engine/Content/BufferVisualization/CustomDepth.uasset" 13
"../../../Engine/Content/Functions/Engine_MaterialFunctions02/Utility/VectorLength.uasset" 14
"../../../Engine/Content/BufferVisualization/CustomDepthWorldUnits.uasset" 15
"../../../Engine/Content/EngineMaterials/MiniFont.uasset" 16
"../../../Engine/Content/Functions/Engine_MaterialFunctions02/Utility/MakeFloat3.uasset" 17
"../../../Engine/Content/Functions/Engine_MaterialFunctions02/Utility/MakeFloat2.uasset" 18
"../../../Engine/Content/Functions/Engine_MaterialFunctions02/ScreenResolution.uasset" 19
"../../../Engine/Content/Functions/Engine_MaterialFunctions02/Utility/BreakOutFloat2Components.uasset" 20
"../../../Engine/Content/Functions/Engine_MaterialFunctions01/Texturing/ScaleUVsByCenter.uasset" 21
"../../../Engine/Content/Functions/Engine_MaterialFunctions02/Texturing/ScreenAlignedUVs.uasset" 22
"../../../Engine/Content/BufferVisualization/CustomStencil.uasset" 23
"../../../Engine/Content/BufferVisualization/FinalImage.uasset" 24
"../../../Engine/Content/BufferVisualization/LightingModel.uasset" 25
"../../../Engine/Content/BufferVisualization/MaterialAO.uasset" 26
"../../../Engine/Content/BufferVisualization/Metallic.uasset" 27
"../../../Engine/Content/BufferVisualization/Opacity.uasset" 28
"../../../Engine/Content/BufferVisualization/PostTonemapHDRColor.uasset" 29
"../../../Engine/Content/BufferVisualization/PreTonemapHDRColor.uasset" 30
"../../../Engine/Content/BufferVisualization/Roughness.uasset" 31
"../../../Engine/Content/BufferVisualization/SceneColor.uasset" 32
"../../../Engine/Content/BufferVisualization/SceneDepth.uasset" 33
"../../../Engine/Content/BufferVisualization/SceneDepthWorldUnits.uasset" 34
"../../../Engine/Content/BufferVisualization/SeparateTranslucencyA.uasset" 35
"../../../Engine/Content/BufferVisualization/SeparateTranslucencyRGB.uasset" 36
"../../../Engine/Content/BufferVisualization/Specular.uasset" 37
"../../../Engine/Content/BufferVisualization/SubsurfaceColor.uasset" 38
"../../../Engine/Content/BufferVisualization/Velocity.uasset" 39
"../../../Engine/Content/BufferVisualization/WorldNormal.uasset" 40
"../../../Engine/Content/BufferVisualization/WorldTangent.uasset" 41
"../../../Engine/Content/EditorLandscapeResources/DataLayer.uasset" 42
"../../../Engine/Content/EditorLandscapeResources/DefaultAlphaTexture.uasset" 43
"../../../Engine/Content/EditorLandscapeResources/LandscapeGizmoHeight_Mat.uasset" 44
"../../../Engine/Content/EditorLandscapeResources/LandscapeGizmo_Mat.uasset" 45
"../../../Engine/Content/EditorLandscapeResources/LandscapeGizmo_Mat_Copied.uasset" 46
"../../../Engine/Content/EditorLandscapeResources/SplineEditorMeshMat.uasset" 47
"../../../Engine/Content/EditorLandscapeResources/SplineEditorMesh.uasset" 48
"../../../Engine/Content/EditorMaterials/Cross.uasset" 49
"../../../Engine/Content/EditorMaterials/Cross_Mat.uasset" 50
"../../../Engine/Content/Functions/Engine_MaterialFunctions02/Utility/Sign.uasset" 51
"../../../Engine/Content/Functions/Engine_MaterialFunctions02/Utility/Round.uasset" 52
"../../../Engine/Content/EditorResources/T_EditorHelp.uasset" 53
"../../../Engine/Content/Functions/Engine_MaterialFunctions02/ExampleContent/Textures/DebugNumberPeriod.uasset" 54
"../../../Engine/Content/Functions/Engine_MaterialFunctions02/ExampleContent/DebugNumberStrip.uasset" 55
"../../../Engine/Content/EngineMaterials/DefaultDiffuse.uasset" 56
"../../../Engine/Content/Functions/Engine_MaterialFunctions01/Texturing/TextureCropping.uasset" 57
"../../../Engine/Content/Functions/Engine_MaterialFunctions01/Texturing/ComputeMipLevel.uasset" 58
"../../../Engine/Content/Functions/Engine_MaterialFunctions02/Utility/DebugScalarValues.uasset" 59
"../../../Engine/Content/Functions/Engine_MaterialFunctions02/Utility/DebugFloat2Values.uasset" 60
"../../../Engine/Content/Functions/Engine_MaterialFunctions02/ExampleContent/Textures/flipbook.uasset" 61
"../../../Engine/Content/Functions/Engine_MaterialFunctions02/Texturing/FlipBook.uasset" 62
"../../../Engine/Content/EditorMaterials/HelpActorMaterial.uasset" 63
"../../../Engine/Content/Functions/Engine_MaterialFunctions03/Procedurals/ComputeFilterWidth.uasset" 64
"../../../Engine/Content/EngineMaterials/BlendFunc_DefBlend.uasset" 65
"../../../Engine/Content/EngineMaterials/BlendFunc_DefBase.uasset" 66
"../../../Engine/Content/Functions/Engine_MaterialFunctions03/Blends/Blend_Screen.uasset" 67
"../../../Engine/Content/EditorMaterials/TilingAALineIntegral.uasset" 68
"../../../Engine/Content/EditorMaterials/TilingAALineBoxFiltered.uasset" 69
"../../../Engine/Content/EditorMaterials/TilingAAGrid.uasset" 70
"../../../Engine/Content/EditorMaterials/TilingAADots.uasset" 71
"../../../Engine/Content/EditorMaterials/CompositeARGBLayer.uasset" 72
"../../../Engine/Content/EditorMaterials/LevelGridMaterial.uasset" 73
"../../../Engine/Content/EditorResources/LevelGrid1DStripes.uasset" 74
"../../../Engine/Content/EditorMaterials/TextureGridCascaded1D.uasset" 75
"../../../Engine/Content/EditorMaterials/TextureGridCascaded2D.uasset" 76
"../../../Engine/Content/EditorMaterials/MakeCompositeARGBLayer.uasset" 77
"../../../Engine/Content/EditorMaterials/LevelGridMaterial2.uasset" 78
"../../../Engine/Content/EditorMaterials/MAT_Groups_Toggle.uasset" 79
"../../../Engine/Content/EditorMaterials/MAT_Groups_Visibility.uasset" 80
"../../../Engine/Content/EditorMaterials/PhAT_BoneSelectedMaterial.uasset" 81
"../../../Engine/Content/EditorMaterials/PhAT_ElemSelectedMaterial.uasset" 82
"../../../Engine/Content/EditorMaterials/PhAT_NoCollisionMaterial.uasset" 83
"../../../Engine/Content/EditorMaterials/PhAT_UnselectedMaterial.uasset" 84
"../../../Engine/Content/EditorMaterials/PreviewShadowIndicator.uasset" 85
"../../../Engine/Content/EditorMaterials/PreviewShadowIndicatorMaterial.uasset" 86
"../../../Engine/Content/EditorMaterials/TargetIcon.uasset" 87
"../../../Engine/Content/EditorMaterials/Tick.uasset" 88
"../../../Engine/Content/EditorMaterials/Tick_Mat.uasset" 89
"../../../Engine/Content/EditorMaterials/WidgetGridVertexColorMaterial.uasset" 90
"../../../Engine/Content/EditorMaterials/WidgetGridVertexColorMaterial_Ma.uasset" 91
"../../../Engine/Content/EditorMaterials/WidgetMaterial.uasset" 92
"../../../Engine/Content/EditorMaterials/WidgetMaterial_Current.uasset" 93
"../../../Engine/Content/EditorMaterials/WidgetMaterial_X.uasset" 94
"../../../Engine/Content/EditorMaterials/WidgetMaterial_Y.uasset" 95
"../../../Engine/Content/EditorMaterials/WidgetMaterial_Z.uasset" 96
"../../../Engine/Content/EditorMaterials/WidgetVertexColorMaterial.uasset" 97
"../../../Engine/Content/EditorMaterials/MatineeGroups/MAT_ColorTrack.uasset" 98
"../../../Engine/Content/EditorMaterials/MatineeGroups/MAT_Groups_Anim.uasset" 99
"../../../Engine/Content/EditorMaterials/MatineeGroups/MAT_Groups_AudioMaster.uasset" 100
"../../../Engine/Content/EditorMaterials/MatineeGroups/MAT_Groups_Director.uasset" 101
"../../../Engine/Content/EditorMaterials/MatineeGroups/MAT_Groups_Event.uasset" 102
"../../../Engine/Content/EditorMaterials/MatineeGroups/MAT_Groups_Fade.uasset" 103
"../../../Engine/Content/EditorMaterials/MatineeGroups/MAT_Groups_Float.uasset" 104
"../../../Engine/Content/EditorMaterials/MatineeGroups/MAT_Groups_Move.uasset" 105
"../../../Engine/Content/EditorMaterials/MatineeGroups/MAT_Groups_Slomo.uasset" 106
"../../../Engine/Content/EditorMaterials/MatineeGroups/MAT_Groups_Sound.uasset" 107
"../../../Engine/Content/EditorMaterials/MatineeGroups/MAT_Groups_Vector.uasset" 108
"../../../Engine/Content/EditorMaterials/ParticleSystems/PSysThumbnail_NoImage.uasset" 109
"../../../Engine/Content/EditorMaterials/ParticleSystems/PSysThumbnail_OOD.uasset" 110
"../../../Engine/Content/EngineMaterials/Grid.uasset" 111
"../../../Engine/Content/EditorMaterials/Thumbnails/FloorPlaneMaterial.uasset" 112
"../../../Engine/Content/EditorMeshes/EditorCube.uasset" 113
"../../../Engine/Content/EditorMeshes/EditorCylinder.uasset" 114
"../../../Engine/Content/EditorMeshes/EditorPlane.uasset" 115
"../../../Engine/Content/EditorMaterials/Thumbnails/SkySphereMaterial.uasset" 116
"../../../Engine/Content/EditorMeshes/EditorSkySphere.uasset" 117
"../../../Engine/Content/EditorMeshes/EditorSphere.uasset" 118
"../../../Engine/Content/EditorResources/MatineeCam_D.uasset" 119
"../../../Engine/Content/EditorMaterials/MatineeCam_mat.uasset" 120
"../../../Engine/Content/EditorMeshes/MatineeCam_SM.uasset" 121
"../../../Engine/Content/EditorMeshes/PlanarReflectionPlane.uasset" 122
"../../../Engine/Content/EngineDebugMaterials/M_SimpleOpaque.uasset" 123
"../../../Engine/Content/EditorMaterials/Camera/MI_CineMat_CamViewFinder.uasset" 124
"../../../Engine/Content/EditorMaterials/Camera/CineMat.uasset" 125
"../../../Engine/Content/EditorMaterials/Camera/MI_CineMat_CameraBody.uasset" 126
"../../../Engine/Content/EditorMeshes/Camera/SM_CineCam.uasset" 127
"../../../Engine/Content/EditorMaterials/Camera/MI_CineMat_Rig.uasset" 128
"../../../Engine/Content/EditorMeshes/Camera/SM_CraneRig_Arm.uasset" 129
"../../../Engine/Content/EditorMeshes/Camera/SM_CraneRig_Base.uasset" 130
"../../../Engine/Content/EditorMeshes/Camera/SM_CraneRig_Body.uasset" 131
"../../../Engine/Content/EditorMeshes/Camera/SM_CraneRig_Mount.uasset" 132
"../../../Engine/Content/EditorMeshes/Camera/SM_RailRig_Mount.uasset" 133
"../../../Engine/Content/EditorMeshes/Camera/SM_RailRig_Track.uasset" 134
"../../../Engine/Content/EditorMeshes/ColorCalibrator/M_ChromeBall.uasset" 135
"../../../Engine/Content/EditorResources/Bad.uasset" 136
"../../../Engine/Content/EditorResources/BSPVertex.uasset" 137
"../../../Engine/Content/EditorResources/EmptyActor.uasset" 138
"../../../Engine/Content/EditorResources/MatInstActSprite.uasset" 139
"../../../Engine/Content/EditorResources/SceneManager.uasset" 140
"../../../Engine/Content/EditorResources/SmallFont.uasset" 141
"../../../Engine/Content/EditorResources/S_Actor.uasset" 142
"../../../Engine/Content/EditorResources/S_CameraShakeSource.uasset" 143
"../../../Engine/Content/EditorResources/S_DecalActorIcon.uasset" 144
"../../../Engine/Content/EditorResources/S_Emitter.uasset" 145
"../../../Engine/Content/EditorResources/S_ExpoHeightFog.uasset" 146
"../../../Engine/Content/EditorResources/S_FTest.uasset" 147
"../../../Engine/Content/EditorResources/S_KBSJoint.uasset" 148
"../../../Engine/Content/EditorResources/S_KHinge.uasset" 149
"../../../Engine/Content/EditorResources/S_KPrismatic.uasset" 150
"../../../Engine/Content/EditorResources/S_LevelSequence.uasset" 151
"../../../Engine/Content/EditorResources/S_NavP.uasset" 152
"../../../Engine/Content/EditorResources/S_Note.uasset" 153
"../../../Engine/Content/EditorResources/S_Player.uasset" 154
"../../../Engine/Content/EditorResources/S_PortalActorIcon2.uasset" 155
"../../../Engine/Content/EditorResources/S_RadForce.uasset" 156
"../../../Engine/Content/EditorResources/S_ReflActorIcon.uasset" 157
"../../../Engine/Content/EditorResources/S_SkyAtmosphere.uasset" 158
"../../../Engine/Content/EditorResources/S_Solver.uasset" 159
"../../../Engine/Content/EditorResources/S_Terrain.uasset" 160
"../../../Engine/Content/EditorResources/S_TextRenderActorIcon.uasset" 161
"../../../Engine/Content/EditorResources/S_Thruster.uasset" 162
"../../../Engine/Content/EditorResources/S_Trigger.uasset" 163
"../../../Engine/Content/EditorResources/S_VectorFieldVol.uasset" 164
"../../../Engine/Content/EditorResources/S_VolumetricCloud.uasset" 165
"../../../Engine/Content/EditorResources/S_WindDirectional.uasset" 166
"../../../Engine/Content/EditorResources/AI/S_NavLink.uasset" 167
"../../../Engine/Content/EditorResources/LightIcons/SkyLight.uasset" 168
"../../../Engine/Content/EditorResources/LightIcons/S_LightDirectional.uasset" 169
"../../../Engine/Content/EditorResources/LightIcons/S_LightDirectionalMove.uasset" 170
"../../../Engine/Content/EditorResources/LightIcons/S_LightError.uasset" 171
"../../../Engine/Content/EditorResources/LightIcons/S_LightPoint.uasset" 172
"../../../Engine/Content/EditorResources/LightIcons/S_LightPointMove.uasset" 173
"../../../Engine/Content/EditorResources/LightIcons/S_LightSpot.uasset" 174
"../../../Engine/Content/EditorResources/LightIcons/S_LightSpotMove.uasset" 175
"../../../Engine/Content/EditorResources/SequenceRecorder/Countdown.uasset" 176
"../../../Engine/Content/EditorResources/SequenceRecorder/RecordingIndicator.uasset" 177
"../../../Engine/Content/EditorResources/Spline/T_Loft_Spline.uasset" 178
"../../../Engine/Content/EditorSounds/Notifications/CompileSuccess.uasset" 179
"../../../Engine/Content/EditorSounds/Notifications/CompileStart_Cue.uasset" 180
"../../../Engine/Content/EngineDamageTypes/DmgTypeBP_Environmental.uasset" 181
"../../../Engine/Content/EngineDebugMaterials/HeatmapGradient.uasset" 182
"../../../Engine/Content/EngineDebugMaterials/BoneWeightMaterial.uasset" 183
"../../../Engine/Content/EngineDebugMaterials/ClothMaterial.uasset" 184
"../../../Engine/Content/EngineDebugMaterials/ClothMaterial_WF.uasset" 185
"../../../Engine/Content/EngineDebugMaterials/DebugEditorMaterial.uasset" 186
"../../../Engine/Content/EngineDebugMaterials/DebugMeshMaterial.uasset" 187
"../../../Engine/Content/EngineDebugMaterials/GeomMaterial.uasset" 188
"../../../Engine/Content/Functions/Engine_MaterialFunctions01/Shading/ConvertFromDiffSpec.uasset" 189
"../../../Engine/Content/EngineDebugMaterials/LevelColorationLitMaterial.uasset" 190
"../../../Engine/Content/EngineDebugMaterials/LevelColorationUnlitMaterial.uasset" 191
"../../../Engine/Content/EngineMaterials/DefaultWhiteGrid.uasset" 192
"../../../Engine/Content/EngineDebugMaterials/MAT_LevelColorationLitLightmapUV.uasset" 193
"../../../Engine/Content/EngineDebugMaterials/M_SimpleUnlitTranslucent.uasset" 194
"../../../Engine/Content/EngineDebugMaterials/VolumeToRender.uasset" 195
"../../../Engine/Content/Functions/Engine_MaterialFunctions02/Utility/CameraDirectionVector.uasset" 196
"../../../Engine/Content/EngineDebugMaterials/M_VolumeRenderSphereTracePP.uasset" 197
"../../../Engine/Content/EngineMaterials/DefaultWhiteGrid_Low.uasset" 198
"../../../Engine/Content/EngineDebugMaterials/PhysicalMaterialMaskMaterial.uasset" 199
"../../../Engine/Content/EngineDebugMaterials/ShadedLevelColorationLitMaterial.uasset" 200
"../../../Engine/Content/EngineDebugMaterials/ShadedLevelColorationUnlitMateri.uasset" 201
"../../../Engine/Content/EngineDebugMaterials/VertexColorMaterial.uasset" 202
"../../../Engine/Content/EngineDebugMaterials/VertexColorViewMode_AlphaAsColor.uasset" 203
"../../../Engine/Content/EngineDebugMaterials/VertexColorViewMode_BlueOnly.uasset" 204
"../../../Engine/Content/EngineDebugMaterials/VertexColorViewMode_ColorOnly.uasset" 205
"../../../Engine/Content/EngineDebugMaterials/VertexColorViewMode_GreenOnly.uasset" 206
"../../../Engine/Content/EngineDebugMaterials/VertexColorViewMode_RedOnly.uasset" 207
"../../../Engine/Content/EngineDebugMaterials/WireframeMaterial.uasset" 208
"../../../Engine/Content/EngineFonts/Faces/RobotoRegular.uasset" 209
"../../../Engine/Content/EngineFonts/Faces/RobotoLight.uasset" 210
"../../../Engine/Content/EngineFonts/Faces/RobotoItalic.uasset" 211
"../../../Engine/Content/EngineFonts/Faces/RobotoBoldItalic.uasset" 212
"../../../Engine/Content/EngineFonts/Faces/RobotoBold.uasset" 213
"../../../Engine/Content/EngineFonts/Faces/DroidSansFallback.uasset" 214
"../../../Engine/Content/EngineFonts/Roboto.uasset" 215
"../../../Engine/Content/EngineFonts/Faces/RobotoTiny.uasset" 216
"../../../Engine/Content/EngineFonts/RobotoTiny.uasset" 217
"../../../Engine/Content/EngineFonts/SmallFont.uasset" 218
"../../../Engine/Content/EngineFonts/TinyFont.uasset" 219
"../../../Engine/Content/EngineMaterials/BaseFlattenNormalMap.uasset" 220
"../../../Engine/Content/EngineMaterials/BaseFlattenGrayscaleMap.uasset" 221
"../../../Engine/Content/EngineMaterials/BaseFlattenEmissiveMap.uasset" 222
"../../../Engine/Content/EngineMaterials/BaseFlattenDiffuseMap.uasset" 223
"../../../Engine/Content/EngineMaterials/BaseFlattenMaterial.uasset" 224
"../../../Engine/Content/EngineResources/WhiteSquareTexture.uasset" 225
"../../../Engine/Content/EngineMaterials/BlinkingCaret.uasset" 226
"../../../Engine/Content/EngineMaterials/BlueNoise.uasset" 227
"../../../Engine/Content/EngineMaterials/DefaultBloomKernel.uasset" 228
"../../../Engine/Content/EngineMaterials/DefaultBokeh.uasset" 229
"../../../Engine/Content/EngineMaterials/DefaultDeferredDecalMaterial.uasset" 230
"../../../Engine/Content/EngineMaterials/DefaultLightFunctionMaterial.uasset" 231
"../../../Engine/Content/EngineMaterials/DefaultNormal.uasset" 232
"../../../Engine/Content/EngineMaterials/DefaultPostProcessMaterial.uasset" 233
"../../../Engine/Content/EngineFonts/RobotoDistanceField.uasset" 234
"../../../Engine/Content/EngineMaterials/DefaultTextMaterialOpaque.uasset" 235
"../../../Engine/Content/EngineMaterials/EditorBrushMaterial.uasset" 236
"../../../Engine/Content/EngineMaterials/EmissiveMeshMaterial.uasset" 237
"../../../Engine/Content/EngineMaterials/GizmoMaterial.uasset" 238
"../../../Engine/Content/EngineMaterials/Good64x64TilingNoiseHighFreq.uasset" 239
"../../../Engine/Content/EngineMaterials/Grid_N.uasset" 240
"../../../Engine/Content/EngineMaterials/HighResolutionScreenshotMaskFunction.uasset" 241
"../../../Engine/Content/EngineMaterials/HighResScreenshot.uasset" 242
"../../../Engine/Content/EngineMaterials/HighResScreenshotCaptureRegion.uasset" 243
"../../../Engine/Content/EngineMaterials/HighResScreenshotMask.uasset" 244
"../../../Engine/Content/EngineMaterials/LandscapeHolePhysicalMaterial.uasset" 245
"../../../Engine/Content/EngineMaterials/InvalidLightmapSettings.uasset" 246
"../../../Engine/Content/EngineMaterials/M_InvalidLightmapSettings.uasset" 247
"../../../Engine/Content/EngineMaterials/PaperDiffuse.uasset" 248
"../../../Engine/Content/EngineMaterials/PaperNormal.uasset" 249
"../../../Engine/Content/Functions/Engine_MaterialFunctions02/WorldPositionOffset/CameraOffset.uasset" 250
"../../../Engine/Content/EngineMaterials/PhAT_JointLimitMaterial.uasset" 251
"../../../Engine/Content/EngineMaterials/PhysMat_Rubber.uasset" 252
"../../../Engine/Content/EngineMaterials/PreintegratedSkinBRDF.uasset" 253
"../../../Engine/Content/EngineMaterials/RemoveSurfaceMaterial.uasset" 254
"../../../Engine/Content/EngineMaterials/WeightMapPlaceholderTexture.uasset" 255
"../../../Engine/Content/Functions/Engine_MaterialFunctions01/ImageAdjustment/sRGBToLinear.uasset" 256
"../../../Engine/Content/Functions/Engine_MaterialFunctions02/Utility/BreakOutFloat3Components.uasset" 257
"../../../Engine/Content/EngineMaterials/Widget3DCameraPassThrough_Opaque_OneSided.uasset" 258
"../../../Engine/Content/EngineMaterials/Widget3DPassThrough.uasset" 259
"../../../Engine/Content/EngineMaterials/Widget3DPassThrough_Masked.uasset" 260
"../../../Engine/Content/EngineMaterials/Widget3DPassThrough_Opaque.uasset" 261
"../../../Engine/Content/EngineMaterials/Widget3DPassThrough_Masked_OneSided.uasset" 262
"../../../Engine/Content/EngineMaterials/Widget3DPassThrough_Opaque_OneSided.uasset" 263
"../../../Engine/Content/EngineMaterials/Widget3DPassThrough_Translucent.uasset" 264
"../../../Engine/Content/EngineMaterials/Widget3DPassThrough_Translucent_OneSided.uasset" 265
"../../../Engine/Content/EngineMeshes/Cylinder.uasset" 266
"../../../Engine/Content/EngineMeshes/Sphere.uasset" 267
"../../../Engine/Content/EngineResources/Black.uasset" 268
"../../../Engine/Content/EngineResources/DefaultTextureCube.uasset" 269
"../../../Engine/Content/EngineResources/DefaultVolumeTexture2D.uasset" 270
"../../../Engine/Content/EngineResources/DefaultVolumeTexture.uasset" 271
"../../../Engine/Content/EngineResources/GradientTexture0.uasset" 272
"../../../Engine/Content/EngineResources/StreamingPauseIcon.uasset" 273
"../../../Engine/Content/EngineResources/M_StreamingPause.uasset" 274
"../../../Engine/Content/EngineSky/VolumetricClouds/T_NoiseShape64.uasset" 275
"../../../Engine/Content/EngineSky/VolumetricClouds/T_VolumeNoiseShape64.uasset" 276
"../../../Engine/Content/EngineSky/VolumetricClouds/T_NoiseErosion.uasset" 277
"../../../Engine/Content/EngineSky/VolumetricClouds/T_VolumeNoiseErosion32.uasset" 278
"../../../Engine/Content/EngineSky/VolumetricClouds/CloudWeatherTexture.uasset" 279
"../../../Engine/Content/EngineSky/VolumetricClouds/CloudGradientTexture.uasset" 280
"../../../Engine/Content/EngineSky/VolumetricClouds/m_SimpleVolumetricCloud.uasset" 281
"../../../Engine/Content/EngineSky/VolumetricClouds/m_SimpleVolumetricCloud_Inst.uasset" 282
"../../../Engine/Content/EngineSounds/Master.uasset" 283
"../../../Engine/Content/Functions/Engine_MaterialFunctions01/Shading/PowerToRoughness.uasset" 284
"../../../Engine/Content/Maps/Templates/Thumbnails/Default.uasset" 285
"../../../Engine/Content/Maps/Templates/Thumbnails/TimeOfDay.uasset" 286
"../../../Engine/Content/Maps/Templates/Thumbnails/VR-Basic.uasset" 287
"../../../Engine/Content/MapTemplates/Sky/DaylightAmbientCubemap.uasset" 288
"../../../Engine/Content/MobileResources/T_MobileControls_texture.uasset" 289
"../../../Engine/Content/MobileResources/T_MobileMenu2.uasset" 290
"../../../Engine/Content/MobileResources/HUD/AnalogHat.uasset" 291
"../../../Engine/Content/MobileResources/HUD/VirtualJoystick_Thumb.uasset" 292
"../../../Engine/Content/MobileResources/HUD/VirtualJoystick_Background.uasset" 293
"../../../Engine/Content/MobileResources/HUD/DefaultVirtualJoysticks.uasset" 294
"../../../Engine/Content/MobileResources/HUD/LeftVirtualJoystickOnly.uasset" 295
"../../../Engine/Content/MobileResources/HUD/MobileHUDButton1_off.uasset" 296
"../../../Engine/Content/MobileResources/HUD/MobileHUDButton1_on.uasset" 297
"../../../Engine/Content/MobileResources/HUD/MobileHUDButton2_off.uasset" 298
"../../../Engine/Content/MobileResources/HUD/MobileHUDButton2_on.uasset" 299
"../../../Engine/Content/MobileResources/HUD/MobileHUDButton3.uasset" 300
"../../../Engine/Content/MobileResources/HUD/MobileHUDButtonFire.uasset" 301
"../../../Engine/Content/MobileResources/HUD/MobileHUDDirectionPad.uasset" 302
"../../../Engine/Content/MobileResources/HUD/MobileHUDDirectionPad2.uasset" 303
"../../../Engine/Content/MobileResources/HUD/MobileHUDDirectionPad3.uasset" 304
"../../../Engine/Content/MobileResources/HUD/MobileHUDDirectionStick.uasset" 305
"../../../Engine/Content/MobileResources/HUD/No_Joy.uasset" 306
"../../../Engine/Content/MobileResources/HUD/T_Castle_ThumbstickInner.uasset" 307
"../../../Engine/Content/MobileResources/HUD/T_Castle_ThumbstickOutter.uasset" 308
"../../../Engine/Content/Tutorial/ContentIntroCurve.uasset" 309
"../../../Engine/Content/Tutorial/Basics/LevelEditorAttract.uasset" 310
"../../../Engine/Content/Tutorial/Basics/TutorialAssets/icon_tab_Levels_40x.uasset" 311
"../../../Engine/Content/Tutorial/Basics/LevelEditorOverview.uasset" 312
"../../../Engine/Content/Tutorial/Installation/InstallingVisualStudioTutorial.uasset" 313
"../../../Engine/Content/Tutorial/Mobile/TutorialAssets/IOS.uasset" 314
"../../../Engine/Content/Tutorial/Mobile/CreatingSigningCertAndProvisionTutorial.uasset" 315
"../../../Engine/Content/VREditor/TransformGizmo/TranslucentTransformGizmoMaterial.uasset" 316
"../../../Engine/Content/VREditor/LaserPointer/VR_LaserPower_01.uasset" 317
"../../../Engine/Content/VREditor/TransformGizmo/TransformGizmoMaterial.uasset" 318
"../../../Engine/Content/VREditor/TransformGizmo/BoundingBoxCorner.uasset" 319
"../../../Engine/Content/VREditor/TransformGizmo/BoundingBoxEdge.uasset" 320
"../../../Engine/Content/VREditor/TransformGizmo/PlaneTranslationHandle.uasset" 321
"../../../Engine/Content/VREditor/TransformGizmo/Xray.uasset" 322
"../../../Engine/Content/VREditor/TransformGizmo/Main.uasset" 323
"../../../Engine/Content/VREditor/TransformGizmo/SM_Sequencer_Key.uasset" 324
"../../../Engine/Content/VREditor/TransformGizmo/SM_Sequencer_Node.uasset" 325
"../../../../../../Users/Oil/Documents/Unreal Projects/Myredhood/Content/ArchVisPolishPack02/Materials/M_AVP2_CandleWax.uasset" 326
"../../../../../../Users/Oil/Documents/Unreal Projects/Myredhood/Content/ArchVisPolishPack02/Meshes/Candles/SM_AVP2_Candle_01.uasset" 327
"../../../../../../Users/Oil/Documents/Unreal Projects/Myredhood/Content/ArchVisPolishPack02/Textures/T_AVP2_CandleFlame.uasset" 328
"../../../../../../Users/Oil/Documents/Unreal Projects/Myredhood/Content/ArchVisPolishPack02/Materials/M_AVP2_FlameLick.uasset" 329
"../../../../../../Users/Oil/Documents/Unreal Projects/Myredhood/Content/ArchVisPolishPack02/Meshes/SM_AVP2_CandleFlame.uasset" 330
"../../../../../../Users/Oil/Documents/Unreal Projects/Myredhood/Content/ArchVisPolishPack02/Particles/P_AVP2_FlameFlicker.uasset" 331
"../../../../../../Users/Oil/Documents/Unreal Projects/Myredhood/Content/ArchVisPolishPack02/Blueprints/Candles/BP_AVP2_Candle_01.uasset" 332
"../../../../../../Users/Oil/Documents/Unreal Projects/Myredhood/Content/ArchVisPolishPack02/Meshes/Candles/SM_AVP2_Candle_03.uasset" 333
"../../../../../../Users/Oil/Documents/Unreal Projects/Myredhood/Content/ArchVisPolishPack02/Blueprints/Candles/BP_AVP2_Candle_03.uasset" 334
"../../../../../../Users/Oil/Documents/Unreal Projects/Myredhood/Content/ArchVisPolishPack02/Meshes/Candles/SM_AVP2_Candle_04.uasset" 335
"../../../../../../Users/Oil/Documents/Unreal Projects/Myredhood/Content/ArchVisPolishPack02/Blueprints/Candles/BP_AVP2_Candle_04.uasset" 336
"../../../../../../Users/Oil/Documents/Unreal Projects/Myredhood/Content/ArchVisPolishPack02/Meshes/Candles/SM_AVP2_Candle_05.uasset" 337
"../../../../../../Users/Oil/Documents/Unreal Projects/Myredhood/Content/ArchVisPolishPack02/Blueprints/Candles/BP_AVP2_Candle_05.uasset" 338
"../../../../../../Users/Oil/Documents/Unreal Projects/Myredhood/Content/ArchVisPolishPack02/Meshes/Candles/SM_AVP2_Candle_07.uasset" 339
"../../../../../../Users/Oil/Documents/Unreal Projects/Myredhood/Content/ArchVisPolishPack02/Blueprints/Candles/BP_AVP2_Candle_07.uasset" 340
"../../../../../../Users/Oil/Documents/Unreal Projects/Myredhood/Content/ArchVisPolishPack02/Meshes/Candles/SM_AVP2_Candle_Tealight_Naked.uasset" 341
"../../../../../../Users/Oil/Documents/Unreal Projects/Myredhood/Content/ArchVisPolishPack02/Blueprints/Candles/BP_AVP2_Candle_Tealight_Naked.uasset" 342
"../../../../../../Users/Oil/Documents/Unreal Projects/Myredhood/Content/ArchVisPolishPack02/Meshes/Candles/SM_AVP2_Candle_Votive.uasset" 343
"../../../../../../Users/Oil/Documents/Unreal Projects/Myredhood/Content/ArchVisPolishPack02/Blueprints/Candles/BP_AVP2_Candle_Tealight_Votive.uasset" 344
"../../../../../../Users/Oil/Documents/Unreal Projects/Myredhood/Content/ArchVisPolishPack02/Textures/T_AVP2_Alphabet_N.uasset" 345
"../../../../../../Users/Oil/Documents/Unreal Projects/Myredhood/Content/ArchVisPolishPack02/Textures/T_AVP2_Alphabet_M.uasset" 346
"../../../../../../Users/Oil/Documents/Unreal Projects/Myredhood/Content/ArchVisPolishPack02/Textures/T_AVP2_Alphabet_D.uasset" 347
"../../../../../../Users/Oil/Documents/Unreal Projects/Myredhood/Content/ArchVisPolishPack02/Materials/M_AVP2_Alphabet.uasset" 348
"../../../../../../Users/Oil/Documents/Unreal Projects/Myredhood/Content/ArchVisPolishPack02/Meshes/Letters/SM_AVP2_B.uasset" 349
"../../../../../../Users/Oil/Documents/Unreal Projects/Myredhood/Content/ArchVisPolishPack02/Blueprints/Letters/BP_AVP2_Letter_B.uasset" 350
"../../../../../../Users/Oil/Documents/Unreal Projects/Myredhood/Content/ArchVisPolishPack02/Meshes/Letters/SM_AVP2_K.uasset" 351
"../../../../../../Users/Oil/Documents/Unreal Projects/Myredhood/Content/ArchVisPolishPack02/Blueprints/Letters/BP_AVP2_Letter_K.uasset" 352
"../../../../../../Users/Oil/Documents/Unreal Projects/Myredhood/Content/ArchVisPolishPack02/Meshes/Letters/SM_AVP2_S.uasset" 353
"../../../../../../Users/Oil/Documents/Unreal Projects/Myredhood/Content/ArchVisPolishPack02/Blueprints/Letters/BP_AVP2_Letter_S.uasset" 354
"../../../../../../Users/Oil/Documents/Unreal Projects/Myredhood/Content/AssetsvilleTown/Textures/Base/T_colorPalette_METAL.uasset" 355
"../../../../../../Users/Oil/Documents/Unreal Projects/Myredhood/Content/AssetsvilleTown/Textures/Base/T_colorPalette2048.uasset" 356
"../../../../../../Users/Oil/Documents/Unreal Projects/Myredhood/Content/AssetsvilleTown/Materials/MasterMaterials/M_BaseColorPalette.uasset" 357
"../../../../../../Users/Oil/Documents/Unreal Projects/Myredhood/Content/AssetsvilleTown/Materials/MI_ColorPalette.uasset" 358
"../../../../../../Users/Oil/Documents/Unreal Projects/Myredhood/Content/AssetsvilleTown/Meshes/InteriorProps/Office/SM_Hanger_01.uasset" 359
"../../../Engine/Content/Functions/Engine_MaterialFunctions01/WorldPositionOffset/SimpleGrassWind.uasset" 360
"../../../../../../Users/Oil/Documents/Unreal Projects/Myredhood/Content/AssetsvilleTown/Materials/MasterMaterials/M_SubSurface.uasset" 361
"../../../../../../Users/Oil/Documents/Unreal Projects/Myredhood/Content/AssetsvilleTown/Materials/MI_SubSurface_Green.uasset" 362
"../../../../../../Users/Oil/Documents/Unreal Projects/Myredhood/Content/AssetsvilleTown/Materials/MasterMaterials/M_BaseColor.uasset" 363
"../../../../../../Users/Oil/Documents/Unreal Projects/Myredhood/Content/AssetsvilleTown/Materials/MI_matteYellow.uasset" 364
"../../../../../../Users/Oil/Documents/Unreal Projects/Myredhood/Content/AssetsvilleTown/Meshes/Nature/SM_cornPlant.uasset" 365
"../../../../../../Users/Oil/Documents/Unreal Projects/Myredhood/Content/AssetsvilleTown/Textures/Base/T_roadSet.uasset" 366
"../../../../../../Users/Oil/Documents/Unreal Projects/Myredhood/Content/AssetsvilleTown/Textures/Tiled/T_planks_01.uasset" 367
"../../../../../../Users/Oil/Documents/Unreal Projects/Myredhood/Content/AssetsvilleTown/Materials/MasterMaterials/M_BaseTexture.uasset" 368
"../../../../../../Users/Oil/Documents/Unreal Projects/Myredhood/Content/AssetsvilleTown/Materials/MI_GroundTile.uasset" 369
"../../../../../../Users/Oil/Documents/Unreal Projects/Myredhood/Content/AssetsvilleTown/Meshes/Nature/SM_rock_01.uasset" 370
"../../../../../../Users/Oil/Documents/Unreal Projects/Myredhood/Content/AssetsvilleTown/Meshes/Nature/SM_rock_01_dirt.uasset" 371
"../../../../../../Users/Oil/Documents/Unreal Projects/Myredhood/Content/AssetsvilleTown/Meshes/Nature/SM_treeLowPoly_01.uasset" 372
"../../../../../../Users/Oil/Documents/Unreal Projects/Myredhood/Content/AssetsvilleTown/Materials/MI_matteBrown.uasset" 373
"../../../../../../Users/Oil/Documents/Unreal Projects/Myredhood/Content/AssetsvilleTown/Textures/Foliage/T_leaf_01.uasset" 374
"../../../../../../Users/Oil/Documents/Unreal Projects/Myredhood/Content/AssetsvilleTown/Materials/MasterMaterials/M_Plants.uasset" 375
"../../../../../../Users/Oil/Documents/Unreal Projects/Myredhood/Content/AssetsvilleTown/Materials/MI_Leaf_01.uasset" 376
"../../../../../../Users/Oil/Documents/Unreal Projects/Myredhood/Content/AssetsvilleTown/Meshes/Nature/SM_tree_02.uasset" 377
"../../../../../../Users/Oil/Documents/Unreal Projects/Myredhood/Content/AssetsvilleTown/Textures/Foliage/T_leaf_02.uasset" 378
"../../../../../../Users/Oil/Documents/Unreal Projects/Myredhood/Content/AssetsvilleTown/Materials/MI_Leaf_02.uasset" 379
"../../../../../../Users/Oil/Documents/Unreal Projects/Myredhood/Content/AssetsvilleTown/Meshes/Nature/SM_tree_03.uasset" 380
"../../../../../../Users/Oil/Documents/Unreal Projects/Myredhood/Content/AssetsvilleTown/Meshes/StreetProps/SM_fence_102end.uasset" 381
"../../../../../../Users/Oil/Documents/Unreal Projects/Myredhood/Content/AssetsvilleTown/Meshes/StreetProps/SM_fence_102_long.uasset" 382
"../../../../../../Users/Oil/Documents/Unreal Projects/Myredhood/Content/ThirdPersonBP/ThirdPersonOverview.uasset" 383
"../../../../../../Users/Oil/Documents/Unreal Projects/Myredhood/Content/UI/pop.uasset" 384
"../../../../../../Users/Oil/Documents/Unreal Projects/Myredhood/Content/UI/UIControl/Inventory_BG.uasset" 385
"../../../../../../Users/Oil/Documents/Unreal Projects/Myredhood/Content/UI/UIControl/Inventory_box_hov.uasset" 386
"../../../../../../Users/Oil/Documents/Unreal Projects/Myredhood/Content/UI/UIControl/Inventory_box_normal.uasset" 387
"../../../../../../Users/Oil/Documents/Unreal Projects/Myredhood/Content/UI/UI_MainMenu/PC_Mainmanu.uasset" 388
"../../../../../../Users/Oil/Documents/Unreal Projects/Myredhood/Content/Character/Mixamo_Character/Boy_Ty_Skeleton.uasset" 389
"../../../Engine/Content/Animation/DefaultAnimCurveCompressionSettings.uasset" 390
"../../../Engine/Content/Animation/DefaultAnimBoneCompressionSettings.uasset" 391
"../../../../../../Users/Oil/Documents/Unreal Projects/Myredhood/Content/Character/Mixamo_Character/Animations/Walk.uasset" 392
"../../../../../../Users/Oil/Documents/Unreal Projects/Myredhood/Content/Character/Mixamo_Character/Animations/Running.uasset" 393
"../../../../../../Users/Oil/Documents/Unreal Projects/Myredhood/Content/Character/Mixamo_Character/Animations/Happy_Idle.uasset" 394
"../../../../../../Users/Oil/Documents/Unreal Projects/Myredhood/Content/Character/Mixamo_Character/Animations/IdleWalkRun.uasset" 395
"../../../Engine/Content/EditorBlueprintResources/StandardMacros.uasset" 396
"../../../../../../Users/Oil/Documents/Unreal Projects/Myredhood/Content/Character/Mixamo_Character/Animations/MaximoChar_BP.uasset" 397
"../../../../../../Users/Oil/Documents/Unreal Projects/Myredhood/Content/Character/Mixamo_Character/Boy_Ty_PhysicsAsset.uasset" 398
"../../../../../../Users/Oil/Documents/Unreal Projects/Myredhood/Content/Character/Mixamo_Character/skin.uasset" 399
"../../../../../../Users/Oil/Documents/Unreal Projects/Myredhood/Content/Character/Mixamo_Character/Material_011.uasset" 400
"../../../../../../Users/Oil/Documents/Unreal Projects/Myredhood/Content/Character/Mixamo_Character/Material_010.uasset" 401
"../../../../../../Users/Oil/Documents/Unreal Projects/Myredhood/Content/Character/Mixamo_Character/Material_009.uasset" 402
"../../../../../../Users/Oil/Documents/Unreal Projects/Myredhood/Content/Character/Mixamo_Character/Material_008.uasset" 403
"../../../../../../Users/Oil/Documents/Unreal Projects/Myredhood/Content/Character/Mixamo_Character/Material_007.uasset" 404
"../../../../../../Users/Oil/Documents/Unreal Projects/Myredhood/Content/Character/Mixamo_Character/Material_006.uasset" 405
"../../../../../../Users/Oil/Documents/Unreal Projects/Myredhood/Content/Character/Mixamo_Character/Material_005.uasset" 406
"../../../../../../Users/Oil/Documents/Unreal Projects/Myredhood/Content/Character/Mixamo_Character/Material_004.uasset" 407
"../../../../../../Users/Oil/Documents/Unreal Projects/Myredhood/Content/Character/Mixamo_Character/Material_003.uasset" 408
"../../../../../../Users/Oil/Documents/Unreal Projects/Myredhood/Content/Character/Mixamo_Character/Material_001.uasset" 409
"../../../../../../Users/Oil/Documents/Unreal Projects/Myredhood/Content/Character/Mixamo_Character/Material.uasset" 410
"../../../../../../Users/Oil/Documents/Unreal Projects/Myredhood/Content/Character/Mixamo_Character/lips.uasset" 411
"../../../../../../Users/Oil/Documents/Unreal Projects/Myredhood/Content/Character/Mixamo_Character/hair.uasset" 412
"../../../../../../Users/Oil/Documents/Unreal Projects/Myredhood/Content/Character/Mixamo_Character/eye.uasset" 413
"../../../../../../Users/Oil/Documents/Unreal Projects/Myredhood/Content/Character/Mixamo_Character/Boy_Ty.uasset" 414
"../../../../../../Users/Oil/Documents/Unreal Projects/Myredhood/Content/ThirdPersonBP/Blueprints/ThirdPersonCharacter.uasset" 415
"../../../../../../Users/Oil/Documents/Unreal Projects/Myredhood/Content/UI/UI_MainMenu/GM_Mainmanu.uasset" 416
"../../../../../../Users/Oil/Documents/Unreal Projects/Myredhood/Content/UI/UI_MainMenu/MainMenu.uasset" 417
"../../Plugins/2D/Paper2D/Content/PlaceholderTextures/DummySpriteTexture.uasset" 418
"../../Plugins/2D/Paper2D/Content/DummySprite.uasset" 419
"../../Plugins/2D/Paper2D/Content/DefaultPaperTerrainMaterial.uasset" 420
"../../Plugins/2D/Paper2D/Content/DefaultSpriteMaterial.uasset" 421
"../../Plugins/2D/Paper2D/Content/MaskedUnlitSpriteMaterial.uasset" 422
"../../Plugins/2D/Paper2D/Content/OpaqueUnlitSpriteMaterial.uasset" 423
"../../Plugins/Editor/SpeedTreeImporter/Content/SpeedTree9/UnpackInteger3.uasset" 424
"../../Plugins/Editor/SpeedTreeImporter/Content/SpeedTree9/UnpackDirection.uasset" 425
"../../Plugins/Editor/SpeedTreeImporter/Content/SpeedTree9/game_wind_noise.uasset" 426
"../../../Engine/Content/Functions/Engine_MaterialFunctions02/SafeNormalize.uasset" 427
"../../Plugins/Editor/SpeedTreeImporter/Content/SpeedTree9/SpeedTreeWindMotion.uasset" 428
"../../Plugins/Editor/SpeedTreeImporter/Content/SpeedTree9/SpeedTreeBranchMotion.uasset" 429
"../../../Engine/Content/Functions/Engine_MaterialFunctions02/ObjectLocalBounds.uasset" 430
"../../../Engine/Content/Functions/Engine_MaterialFunctions02/UVs/BoundingBoxBased_0-1_UVW.uasset" 431
"../../Plugins/Editor/SpeedTreeImporter/Content/SpeedTree9/SpeedTreeWind.uasset" 432
"../../Plugins/Editor/SpeedTreeImporter/Content/SpeedTree9/SpeedTreeBillboard.uasset" 433
"../../../Engine/Content/EngineResources/DefaultTexture.uasset" 434
"../../Plugins/Editor/SpeedTreeImporter/Content/SpeedTree9/SpeedTreeBillboardMaster.uasset" 435
"../../Plugins/Editor/SpeedTreeImporter/Content/SpeedTree9/SpeedTreeCameraFacing.uasset" 436
"../../Plugins/Editor/SpeedTreeImporter/Content/SpeedTree9/SpeedTreeMaster.uasset" 437
"../../Plugins/FX/Niagara/Content/Enums/ENiagaraOrientationAxis.uasset" 438
"../../Plugins/FX/Niagara/Content/Icons/S_ParticleSystem.uasset" 439
"../../../Engine/Content/BasicShapes/Cylinder.uasset" 440
"../../../Engine/Content/ArtTools/RenderToTexture/Materials/Debug/M_Emissive_Color.uasset" 441
"../../Plugins/Lumin/MagicLeapPassableWorld/Content/MagicLeapARPinInfoActor.uasset" 442
"../../../Engine/Content/Functions/Engine_MaterialFunctions02/Utility/BreakOutFloat4Components.uasset" 443
"../../Plugins/Runtime/Oculus/OculusVR/Content/Materials/OculusMR_ChromaKey.uasset" 444
"../../Plugins/Runtime/Oculus/OculusVR/Content/Materials/OculusMR_OpaqueColoredMaterial.uasset" 445
"../../Plugins/Runtime/Oculus/OculusVR/Content/Materials/PokeAHoleMaterial.uasset" 446
"../../../Engine/Content/Maps/Entry_BuiltData.uasset" 447
"../../../Engine/Content/Maps/Entry.umap" 448
"../../../../../../Users/Oil/Documents/Unreal Projects/Myredhood/Content/UI/UIControl/Quest.uasset" 449
"../../../../../../Users/Oil/Documents/Unreal Projects/Myredhood/Content/UI/UIControl/Jump_Button.uasset" 450
"../../../../../../Users/Oil/Documents/Unreal Projects/Myredhood/Content/UI/UIControl/Home__4_.uasset" 451
"../../../../../../Users/Oil/Documents/Unreal Projects/Myredhood/Content/ThirdPerson/Meshes/RampMaterial.uasset" 452
"../../../Engine/Content/BasicShapes/Cube.uasset" 453
"../../../../../../Users/Oil/Documents/Unreal Projects/Myredhood/Content/BP_ITEM/gogowa.uasset" 454
"../../../../../../Users/Oil/Documents/Unreal Projects/Myredhood/Content/UI/UI_crabble.uasset" 455
"../../../../../../Users/Oil/Documents/Unreal Projects/Myredhood/Content/Quiz/Struct_Question.uasset" 456
"../../../../../../Users/Oil/Documents/Unreal Projects/Myredhood/Content/Quiz/BPI_Quiz.uasset" 457
"../../../../../../Users/Oil/Documents/Unreal Projects/Myredhood/Content/Quiz/Quiz_Widget.uasset" 458
"../../../../../../Users/Oil/Documents/Unreal Projects/Myredhood/Content/UI/UIControl/UI_Control.uasset" 459
"../../../../../../Users/Oil/Documents/Unreal Projects/Myredhood/Content/Map/pageplay_BuiltData.uasset" 460
"../../../../../../Users/Oil/Documents/Unreal Projects/Myredhood/Content/ThirdPersonBP/Blueprints/ThirdPersonGameMode.uasset" 461
"../../../../../../Users/Oil/Documents/Unreal Projects/Myredhood/Content/UI/UI_warp.uasset" 462
"../../../../../../Users/Oil/Documents/Unreal Projects/Myredhood/Content/BP_ITEM/GOGO.uasset" 463
"../../../Engine/Content/BasicShapes/BasicShapeMaterial.uasset" 464
"../../../../../../Users/Oil/Documents/Unreal Projects/Myredhood/Content/Map/pageplay.umap" 465
"../../../../../../Users/Oil/Documents/Unreal Projects/Myredhood/Content/Props/sun/Sun1.uasset" 466
"../../../../../../Users/Oil/Documents/Unreal Projects/Myredhood/Content/Props/sun/Blush.uasset" 467
"../../../../../../Users/Oil/Documents/Unreal Projects/Myredhood/Content/Props/sun/Sun.uasset" 468
"../../../../../../Users/Oil/Documents/Unreal Projects/Myredhood/Content/Props/Prop/Tree/FBXs/TheGroveApicalTwigs.uasset" 469
"../../../../../../Users/Oil/Documents/Unreal Projects/Myredhood/Content/Props/sun/glasses.uasset" 470
"../../../../../../Users/Oil/Documents/Unreal Projects/Myredhood/Content/Props/Stone/stones_normal.uasset" 471
"../../../../../../Users/Oil/Documents/Unreal Projects/Myredhood/Content/Props/Stone/stones_color.uasset" 472
"../../../../../../Users/Oil/Documents/Unreal Projects/Myredhood/Content/Props/Stone/Stones.uasset" 473
"../../../../../../Users/Oil/Documents/Unreal Projects/Myredhood/Content/Props/Stone/Stone_1_Stone_1.uasset" 474
"../../../../../../Users/Oil/Documents/Unreal Projects/Myredhood/Content/Props/rpgpp_lt_models/rpgpp_lt_textures/rpgpp_lt_tex_a.uasset" 475
"../../../../../../Users/Oil/Documents/Unreal Projects/Myredhood/Content/Props/rpgpp_lt_models/nature/rpgpp_lt_mat_a.uasset" 476
"../../../../../../Users/Oil/Documents/Unreal Projects/Myredhood/Content/Props/rpgpp_lt_models/nature/rpgpp_lt_tree_01.uasset" 477
"../../../../../../Users/Oil/Documents/Unreal Projects/Myredhood/Content/Props/rpgpp_lt_models/nature/rpgpp_lt_terrain_path_01a.uasset" 478
"../../../../../../Users/Oil/Documents/Unreal Projects/Myredhood/Content/Props/rpgpp_lt_models/nature/rpgpp_lt_hill_small_02.uasset" 479
"../../../../../../Users/Oil/Documents/Unreal Projects/Myredhood/Content/Props/rpgpp_lt_models/nature/rpgpp_lt_grass_small_01a.uasset" 480
"../../../../../../Users/Oil/Documents/Unreal Projects/Myredhood/Content/Props/rpgpp_lt_models/nature/rpgpp_lt_flower_03.uasset" 481
"../../../../../../Users/Oil/Documents/Unreal Projects/Myredhood/Content/Props/rpgpp_lt_models/nature/rpgpp_lt_flower_02.uasset" 482
"../../../../../../Users/Oil/Documents/Unreal Projects/Myredhood/Content/Props/Prop/Tree/tree_color.uasset" 483
"../../../../../../Users/Oil/Documents/Unreal Projects/Myredhood/Content/Props/Prop/Tree/tree.uasset" 484
"../../../../../../Users/Oil/Documents/Unreal Projects/Myredhood/Content/Props/Prop/Tree/leaves.uasset" 485
"../../../../../../Users/Oil/Documents/Unreal Projects/Myredhood/Content/Props/Prop/Tree/uploads_files_1924595_tree.uasset" 486
"../../../../../../Users/Oil/Documents/Unreal Projects/Myredhood/Content/Props/Prop/Tree/Treecolor/tree8_temp_uv_.uasset" 487
"../../../../../../Users/Oil/Documents/Unreal Projects/Myredhood/Content/Props/Prop/Tree/Treecolor/15_-_Default.uasset" 488
"../../../../../../Users/Oil/Documents/Unreal Projects/Myredhood/Content/Props/Prop/Tree/Treecolor/uploads_files_2014283_Tree+_Pack+1__Cylinder027.uasset" 489
"../../../../../../Users/Oil/Documents/Unreal Projects/Myredhood/Content/Props/Prop/Tree/Treecolor/tree2_texture.uasset" 490
"../../../../../../Users/Oil/Documents/Unreal Projects/Myredhood/Content/Props/Prop/Tree/Treecolor/01_-_Default.uasset" 491
"../../../../../../Users/Oil/Documents/Unreal Projects/Myredhood/Content/Props/Prop/Tree/Treecolor/uploads_files_2014283_Tree+_Pack+1__Cylinder023.uasset" 492
"../../../../../../Users/Oil/Documents/Unreal Projects/Myredhood/Content/Props/Prop/Tree/Treecolor/tree3_temp_uv.uasset" 493
"../../../../../../Users/Oil/Documents/Unreal Projects/Myredhood/Content/Props/Prop/Tree/Treecolor/02_-_Default.uasset" 494
"../../../../../../Users/Oil/Documents/Unreal Projects/Myredhood/Content/Props/Prop/Tree/Treecolor/uploads_files_2014283_Tree+_Pack+1__Cylinder008.uasset" 495
"../../../../../../Users/Oil/Documents/Unreal Projects/Myredhood/Content/Props/Prop/flower/3110/cornus_alba_baton_leafes_green.uasset" 496
"../../../../../../Users/Oil/Documents/Unreal Projects/Myredhood/Content/Props/Prop/Tree/MAT_brush.uasset" 497
"../../../../../../Users/Oil/Documents/Unreal Projects/Myredhood/Content/Props/Prop/Tree/bush.uasset" 498
"../../../../../../Users/Oil/Documents/Unreal Projects/Myredhood/Content/Props/Prop/Rope/Wooden_Stakes_Height.uasset" 499
"../../../../../../Users/Oil/Documents/Unreal Projects/Myredhood/Content/Props/Prop/Rope/Wooden_Stakes_BaseColor.uasset" 500
"../../../../../../Users/Oil/Documents/Unreal Projects/Myredhood/Content/Props/Prop/Rope/Wooden_Planks_Long_Normal_DirectX.uasset" 501
"../../../../../../Users/Oil/Documents/Unreal Projects/Myredhood/Content/Props/Prop/Rope/Wooden_Stakes.uasset" 502
"../../../../../../Users/Oil/Documents/Unreal Projects/Myredhood/Content/Props/Prop/Rope/Wooden_Stake_Thin_01_Unreal.uasset" 503
"../../../../../../Users/Oil/Documents/Unreal Projects/Myredhood/Content/Props/Prop/Islands/Texture/T_FloatingIsland_Bot_S_BC.uasset" 504
"../../../../../../Users/Oil/Documents/Unreal Projects/Myredhood/Content/Props/Prop/Islands/Lower_S.uasset" 505
"../../../../../../Users/Oil/Documents/Unreal Projects/Myredhood/Content/Props/Prop/Islands/Textures/T_Grass_Tile_D.uasset" 506
"../../../../../../Users/Oil/Documents/Unreal Projects/Myredhood/Content/Props/Prop/Islands/GrassLand.uasset" 507
"../../../../../../Users/Oil/Documents/Unreal Projects/Myredhood/Content/Props/Prop/Islands/SM_FloatingIsland_S.uasset" 508
"../../../../../../Users/Oil/Documents/Unreal Projects/Myredhood/Content/Props/Prop/Islands/Texture/T_FloatingIsland_Bot_L_BC.uasset" 509
"../../../../../../Users/Oil/Documents/Unreal Projects/Myredhood/Content/Props/Prop/Islands/Lower_L.uasset" 510
"../../../../../../Users/Oil/Documents/Unreal Projects/Myredhood/Content/Props/Prop/Islands/SM_FloatingIsland_L.uasset" 511
"../../../../../../Users/Oil/Documents/Unreal Projects/Myredhood/Content/Props/Prop/House/Fantasy_House_6_ncl1_1.uasset" 512
"../../../../../../Users/Oil/Documents/Unreal Projects/Myredhood/Content/Props/Prop/House/Fantasy_House_7.uasset" 513
"../../../../../../Users/Oil/Documents/Unreal Projects/Myredhood/Content/Props/Prop/House/Fantasy_House_6.uasset" 514
"../../../../../../Users/Oil/Documents/Unreal Projects/Myredhood/Content/Props/Prop/flower/stoplight_Flower/030_stoplight_Normal.uasset" 515
"../../../../../../Users/Oil/Documents/Unreal Projects/Myredhood/Content/Props/Prop/flower/stoplight_Flower/030_stoplight_BaseColor.uasset" 516
"../../../../../../Users/Oil/Documents/Unreal Projects/Myredhood/Content/Props/Prop/flower/stoplight_Flower/030_stoplight1.uasset" 517
"../../../../../../Users/Oil/Documents/Unreal Projects/Myredhood/Content/Props/Prop/flower/stoplight_Flower/030_stoplight.uasset" 518
"../../../../../../Users/Oil/Documents/Unreal Projects/Myredhood/Content/Props/Prop/flower/3110/cornus_alba_baton_leafes_red.uasset" 519
"../../../../../../Users/Oil/Documents/Unreal Projects/Myredhood/Content/Props/Prop/flower/3110/cornus_alba_baton_leafes_NRM.uasset" 520
"../../../../../../Users/Oil/Documents/Unreal Projects/Myredhood/Content/Props/Prop/flower/3110/cornus_alba_baton_leafes+branch.uasset" 521
"../../../../../../Users/Oil/Documents/Unreal Projects/Myredhood/Content/Props/Prop/flower/3110/Cornus_alba_Baton_Rouge.uasset" 522
"../../../../../../Users/Oil/Documents/Unreal Projects/Myredhood/Content/Props/Planet/M_Rock1221.uasset" 523
"../../../../../../Users/Oil/Documents/Unreal Projects/Myredhood/Content/Props/Planet/Rock1221.uasset" 524
"../../../../../../Users/Oil/Documents/Unreal Projects/Myredhood/Content/PN_LowpolyGras/Textures/single_Vec.uasset" 525
"../../../../../../Users/Oil/Documents/Unreal Projects/Myredhood/Content/PN_LowpolyGras/Textures/single_PIV.uasset" 526
"../../../../../../Users/Oil/Documents/Unreal Projects/Myredhood/Content/PN_LowpolyGras/Materials/PN_WindParameters.uasset" 527
"../../../Engine/Content/Functions/Engine_MaterialFunctions02/ExampleContent/PivotPainter2/test2_rgb_PivotPos_a_ParentIndexInt_UV_2.uasset" 528
"../../../Engine/Content/Functions/Engine_MaterialFunctions02/ExampleContent/Textures/WindTurblenceVectorAndGustMagnitude.uasset" 529
"../../../Engine/Content/Functions/Engine_MaterialFunctions02/PivotPainter2/ms_PivotPainter2_DecodePostion.uasset" 530
"../../../Engine/Content/Functions/Engine_MaterialFunctions02/PivotPainter2/ms_PivotPainter2_DecodeAxisVector.uasset" 531
"../../../Engine/Content/Functions/Engine_MaterialFunctions02/PivotPainter2/ms_PivotPainter2_Decode8BitAlphaAxisExtent.uasset" 532
"../../../Engine/Content/Functions/Engine_MaterialFunctions02/ExampleContent/PivotPainter2/SimpExPivPos.uasset" 533
"../../../Engine/Content/Functions/Engine_MaterialFunctions02/ExampleContent/PivotPainter2/PP2_rgb_XVect_a_XExtent.uasset" 534
"../../../Engine/Content/Functions/Engine_MaterialFunctions02/WorldPositionOffset/ObjectScale.uasset" 535
"../../../../../../Users/Oil/Documents/Unreal Projects/Myredhood/Content/PN_LowpolyGras/Materials/MaterialFunctions/PN_WindAnimation.uasset" 536
"../../../../../../Users/Oil/Documents/Unreal Projects/Myredhood/Content/PN_LowpolyGras/Materials/MaterialFunctions/PN_Bending.uasset" 537
"../../../Engine/Content/Functions/Engine_MaterialFunctions02/WorldPositionOffset/ObjectPivotPoint.uasset" 538
"../../../../../../Users/Oil/Documents/Unreal Projects/Myredhood/Content/PN_LowpolyGras/Materials/MaterialFunctions/PN_MultiBend.uasset" 539
"../../../../../../Users/Oil/Documents/Unreal Projects/Myredhood/Content/PN_LowpolyGras/Materials/MaterialFunctions/PN_BendingParameters.uasset" 540
"../../../Engine/Content/Functions/Engine_MaterialFunctions02/ms_PivotPainter2_UnpackIntegerAsFloat.uasset" 541
"../../../Engine/Content/Functions/Engine_MaterialFunctions02/Math/TimeWithSpeedVariable.uasset" 542
"../../../Engine/Content/Functions/Engine_MaterialFunctions02/Lerp_Multiple_Float2.uasset" 543
"../../../Engine/Content/Functions/Engine_MaterialFunctions02/PivotPainter2/2dArrayLookupByIndex.uasset" 544
"../../../Engine/Content/Functions/Engine_MaterialFunctions02/PivotPainter2/ms_PivotPainter2_ReturnParentTextureInfo.uasset" 545
"../../../Engine/Content/Functions/Engine_MaterialFunctions02/PivotPainter2/ms_PivotPainter2_CalculateMeshElementIndex.uasset" 546
"../../../../../../Users/Oil/Documents/Unreal Projects/Myredhood/Content/PN_LowpolyGras/Materials/MaterialFunctions/PN_AnimationShader.uasset" 547
"../../../../../../Users/Oil/Documents/Unreal Projects/Myredhood/Content/PN_LowpolyGras/Materials/MA_lowpolyGrass.uasset" 548
"../../../../../../Users/Oil/Documents/Unreal Projects/Myredhood/Content/PN_LowpolyGras/Materials/singleGrass_Mat.uasset" 549
"../../../../../../Users/Oil/Documents/Unreal Projects/Myredhood/Content/PN_LowpolyGras/Meshes/Grass_01/grass_01_single_003.uasset" 550
"../../../../../../Users/Oil/Documents/Unreal Projects/Myredhood/Content/PN_LowpolyGras/Textures/Grass_01/Grass_01_Brush_02_Vec.uasset" 551
"../../../../../../Users/Oil/Documents/Unreal Projects/Myredhood/Content/PN_LowpolyGras/Textures/Grass_01/Grass_01_Brush_02_PIV.uasset" 552
"../../../../../../Users/Oil/Documents/Unreal Projects/Myredhood/Content/PN_LowpolyGras/Materials/Grass_01/Grass_01_Brush_02_Mat.uasset" 553
"../../../../../../Users/Oil/Documents/Unreal Projects/Myredhood/Content/PN_LowpolyGras/Meshes/Grass_01/grass_01_Brush_02.uasset" 554
"../../../../../../Users/Oil/Documents/Unreal Projects/Myredhood/Content/PN_LowpolyGras/Textures/Grass_01/Grass_01_Brush_01_Vec.uasset" 555
"../../../../../../Users/Oil/Documents/Unreal Projects/Myredhood/Content/PN_LowpolyGras/Textures/Grass_01/Grass_01_Brush_01_PIV.uasset" 556
"../../../../../../Users/Oil/Documents/Unreal Projects/Myredhood/Content/PN_LowpolyGras/Materials/Grass_01/Grass_01_Brush_01_Mat.uasset" 557
"../../../../../../Users/Oil/Documents/Unreal Projects/Myredhood/Content/PN_LowpolyGras/Meshes/Grass_01/grass_01_Brush_01.uasset" 558
"../../Plugins/FX/Niagara/Content/VectorFields/Assets/TilingCurl32.uasset" 559
"../../Plugins/FX/Niagara/Content/Enums/ENiagaraSystemInactiveMode.uasset" 560
"../../Plugins/FX/Niagara/Content/Enums/ENiagaraSphereDistributionMode.uasset" 561
"../../Plugins/FX/Niagara/Content/Enums/ENiagaraScaleColorMode.uasset" 562
"../../Plugins/FX/Niagara/Content/Enums/ENiagaraRandomnessMode.uasset" 563
"../../Plugins/FX/Niagara/Content/Enums/ENiagaraRandomnessEvaluation.uasset" 564
"../../Plugins/FX/Niagara/Content/Enums/ENiagaraInactiveMode.uasset" 565
"../../Plugins/FX/Niagara/Content/Enums/ENiagaraExpansionMode.uasset" 566
"../../Plugins/FX/Niagara/Content/Enums/ENiagaraEmitterScalabilityMode_Limited.uasset" 567
"../../Plugins/FX/Niagara/Content/Enums/ENiagaraEmitterLifeCycleMode.uasset" 568
"../../Plugins/FX/Niagara/Content/Enums/ENiagaraCurlNoiseQuality.uasset" 569
"../../Plugins/FX/Niagara/Content/Enums/ENiagaraCoordinateSpace.uasset" 570
"../../Plugins/FX/Niagara/Content/Enums/ENiagaraChannelCorrelation.uasset" 571
"../../Plugins/FX/Niagara/Content/Enums/ENiagara_UVFlippingMode.uasset" 572
"../../Plugins/FX/Niagara/Content/Enums/ENiagara_SpriteRotationMode.uasset" 573
"../../Plugins/FX/Niagara/Content/Enums/ENiagara_SizeScaleMode.uasset" 574
"../../Plugins/FX/Niagara/Content/Enums/ENiagara_MassInitializationMode.uasset" 575
"../../Plugins/FX/Niagara/Content/Enums/ENiagara_LifetimeMode.uasset" 576
"../../Plugins/FX/Niagara/Content/Enums/ENiagara_InfiniteLoopDuration.uasset" 577
"../../Plugins/FX/Niagara/Content/Enums/ENiagara_EmitterStateOptions.uasset" 578
"../../Plugins/FX/Niagara/Content/Enums/ENiagara_ColorInitializationMode.uasset" 579
"../../Plugins/FX/Niagara/Content/Modules/Update/Size/ScaleSpriteSize.uasset" 580
"../../Plugins/FX/Niagara/Content/Modules/Update/Lifetime/ParticleState.uasset" 581
"../../Plugins/FX/Niagara/Content/VectorFields/Assets/TilingCurl64.uasset" 582
"../../Plugins/FX/Niagara/Content/VectorFields/Assets/TilingCurl16.uasset" 583
"../../Plugins/FX/Niagara/Content/Functions/V2/RemapRange.uasset" 584
"../../Plugins/FX/Niagara/Content/Functions/FindAngleBetweenVectors.uasset" 585
"../../Plugins/FX/Niagara/Content/Functions/DirectionAndLengthSafe.uasset" 586
"../../Plugins/FX/Niagara/Content/Functions/V2/ConeMask.uasset" 587
"../../Plugins/FX/Niagara/Content/Functions/Localspace/SimulationPosition.uasset" 588
"../../Plugins/FX/Niagara/Content/Modules/Update/Forces/V2/CurlNoiseForce.uasset" 589
"../../Plugins/FX/Niagara/Content/Modules/Update/Forces/Drag.uasset" 590
"../../Plugins/FX/Niagara/Content/Modules/Update/Color/ScaleColor.uasset" 591
"../../Plugins/FX/Niagara/Content/Functions/System/SystemChangeState.uasset" 592
"../../Plugins/FX/Niagara/Content/Modules/System/SystemState.uasset" 593
"../../Plugins/FX/Niagara/Content/Functions/V2/CalculateRandomRange.uasset" 594
"../../Plugins/FX/Niagara/Content/Functions/V2/CalculateRandomPointInSphere.uasset" 595
"../../Plugins/FX/Niagara/Content/Functions/Rotation/MultiplyVectorWithQuaternion.uasset" 596
"../../Plugins/FX/Niagara/Content/Functions/Rotation/FindQuatBetween.uasset" 597
"../../Plugins/FX/Niagara/Content/Functions/SphericalToCartesianCoordinates.uasset" 598
"../../Plugins/FX/Niagara/Content/Functions/Localspace/TransformBase.uasset" 599
"../../Plugins/FX/Niagara/Content/Functions/Localspace/TransformVector.uasset" 600
"../../Plugins/FX/Niagara/Content/Modules/Spawn/Location/V2/SphereLocation.uasset" 601
"../../Plugins/FX/Niagara/Content/Functions/GetRandomInfo.uasset" 602
"../../Plugins/FX/Niagara/Content/Functions/RandomRangeFloat.uasset" 603
"../../Plugins/FX/Niagara/Content/Functions/RandomPointInBox.uasset" 604
"../../Plugins/FX/Niagara/Content/Functions/IsolateLongestVectorComponent.uasset" 605
"../../Plugins/FX/Niagara/Content/Functions/Rotation/RotateAngleOnAxis.uasset" 606
"../../Plugins/FX/Niagara/Content/Modules/Spawn/Location/BoxLocation.uasset" 607
"../../Plugins/FX/Niagara/Content/Functions/V2/CalculateRandomRangeFloat.uasset" 608
"../../Plugins/FX/Niagara/Content/Functions/V2/CalculateRandomRangeInteger.uasset" 609
"../../Plugins/FX/Niagara/Content/Functions/V2/CalculateRandomBool.uasset" 610
"../../Plugins/FX/Niagara/Content/Functions/LinearColor/HueShiftLinearColor.uasset" 611
"../../Plugins/FX/Niagara/Content/Enums/ENiagara_PositionInitializationMode.uasset" 612
"../../Plugins/FX/Niagara/Content/Modules/Spawn/Initialization/V2/InitializeParticle.uasset" 613
"../../Plugins/FX/Niagara/Content/Modules/Solvers/SolveForcesAndVelocity.uasset" 614
"../../Plugins/FX/Niagara/Content/Modules/Emitter/SpawnRate.uasset" 615
"../../Plugins/FX/Niagara/Content/Enums/ENiagaraExecutionStateManagement.uasset" 616
"../../Plugins/FX/Niagara/Content/Functions/Emitter/EmitterChangeState.uasset" 617
"../../Plugins/FX/Niagara/Content/Modules/Emitter/EmitterState.uasset" 618
"../../Plugins/FX/Niagara/Content/DynamicInputs/ValueFromCurve/FloatFromCurve.uasset" 619
"../../Plugins/FX/Niagara/Content/DynamicInputs/UniformRange/V2/RandomRangeFloat.uasset" 620
"../../Plugins/FX/Niagara/Content/DynamicInputs/TypeConversions/Vector2DFromFloat.uasset" 621
"../../Plugins/FX/Niagara/Content/DefaultAssets/DefaultSpriteMaterial.uasset" 622
"../../../../../../Users/Oil/Documents/Unreal Projects/Myredhood/Content/Props/VFX/Firefye.uasset" 623
"../../../../../../Users/Oil/Documents/Unreal Projects/Myredhood/Content/PN_LowpolyGras/Textures/Grass_05/grass_05_brush_05_Vec.uasset" 624
"../../../../../../Users/Oil/Documents/Unreal Projects/Myredhood/Content/PN_LowpolyGras/Textures/Grass_05/grass_05_brush_05_PIV.uasset" 625
"../../../../../../Users/Oil/Documents/Unreal Projects/Myredhood/Content/PN_LowpolyGras/ContentExamples/colorExamples/brightBrown_Mat.uasset" 626
"../../../../../../Users/Oil/Documents/Unreal Projects/Myredhood/Content/Props/Text/Material__20.uasset" 627
"../../../../../../Users/Oil/Documents/Unreal Projects/Myredhood/Content/Maps/Land2_BuiltData.uasset" 628
"../../../../../../Users/Oil/Documents/Unreal Projects/Myredhood/Content/Props/word/Word_Basket.uasset" 629
"../../../../../../Users/Oil/Documents/Unreal Projects/Myredhood/Content/PN_LowpolyGras/ContentExamples/colorExamples/darkBrown_Mat.uasset" 630
"../../../../../../Users/Oil/Documents/Unreal Projects/Myredhood/Content/Geometry/Meshes/CubeMaterial.uasset" 631
"../../../../../../Users/Oil/Documents/Unreal Projects/Myredhood/Content/Geometry/Meshes/1M_Cube.uasset" 632
"../../../../../../Users/Oil/Documents/Unreal Projects/Myredhood/Content/Props/RopeBridge/RopeBridge.uasset" 633
"../../../../../../Users/Oil/Documents/Unreal Projects/Myredhood/Content/Props/Prop/Clouds/Texture/T_Cloud_N.uasset" 634
"../../../../../../Users/Oil/Documents/Unreal Projects/Myredhood/Content/Props/Prop/Clouds/Texture/T_Cloud_BC.uasset" 635
"../../../../../../Users/Oil/Documents/Unreal Projects/Myredhood/Content/Props/Prop/Clouds/Material/MAT_Cloud.uasset" 636
"../../../../../../Users/Oil/Documents/Unreal Projects/Myredhood/Content/Props/Prop/Clouds/SM_Cloud_A.uasset" 637
"../../../../../../Users/Oil/Documents/Unreal Projects/Myredhood/Content/Props/Prop/Clouds/clound3.uasset" 638
"../../../../../../Users/Oil/Documents/Unreal Projects/Myredhood/Content/Props/Prop/Clouds/SM_Cloud_C.uasset" 639
"../../../../../../Users/Oil/Documents/Unreal Projects/Myredhood/Content/Props/Prop/Clouds/clound2.uasset" 640
"../../../../../../Users/Oil/Documents/Unreal Projects/Myredhood/Content/LowPolyMedievalConstructions/Textures/T_Texture_Atlas_Emission.uasset" 641
"../../../../../../Users/Oil/Documents/Unreal Projects/Myredhood/Content/LowPolyMedievalConstructions/Textures/T_Texture_Atlas.uasset" 642
"../../../../../../Users/Oil/Documents/Unreal Projects/Myredhood/Content/LowPolyMedievalConstructions/Materials/M_Texture_Atlas.uasset" 643
"../../../../../../Users/Oil/Documents/Unreal Projects/Myredhood/Content/LowPolyMedievalConstructions/Meshes/SM_Tavern_Table_1.uasset" 644
"../../../../../../Users/Oil/Documents/Unreal Projects/Myredhood/Content/LowPolyMedievalConstructions/Meshes/SM_Wall_1A_Window_1.uasset" 645
"../../../../../../Users/Oil/Documents/Unreal Projects/Myredhood/Content/LowPolyMedievalConstructions/Meshes/SM_Wall_1A.uasset" 646
"../../../../../../Users/Oil/Documents/Unreal Projects/Myredhood/Content/LowPolyMedievalConstructions/Meshes/SM_Stair_small.uasset" 647
"../../../../../../Users/Oil/Documents/Unreal Projects/Myredhood/Content/LowPolyMedievalConstructions/Meshes/SM_Lantern_2.uasset" 648
"../../../../../../Users/Oil/Documents/Unreal Projects/Myredhood/Content/LowPolyMedievalConstructions/Textures/T_Glow.uasset" 649
"../../../../../../Users/Oil/Documents/Unreal Projects/Myredhood/Content/LowPolyMedievalConstructions/Particles/M_Glow_PS.uasset" 650
"../../../../../../Users/Oil/Documents/Unreal Projects/Myredhood/Content/LowPolyMedievalConstructions/Particles/Glow_P.uasset" 651
"../../../../../../Users/Oil/Documents/Unreal Projects/Myredhood/Content/LowPolyMedievalConstructions/Blueprints/SM_Lantern_2_Blueprint.uasset" 652
"../../../../../../Users/Oil/Documents/Unreal Projects/Myredhood/Content/LowPolyMedievalConstructions/Meshes/SM_Lantern_1.uasset" 653
"../../../../../../Users/Oil/Documents/Unreal Projects/Myredhood/Content/LowPolyMedievalConstructions/Blueprints/SM_Lantern_1_Blueprint.uasset" 654
"../../../../../../Users/Oil/Documents/Unreal Projects/Myredhood/Content/LowPolyMedievalConstructions/Meshes/SM_Book_5.uasset" 655
"../../../../../../Users/Oil/Documents/Unreal Projects/Myredhood/Content/LowPolyMedievalConstructions/Meshes/SM_Book_4.uasset" 656
"../../../../../../Users/Oil/Documents/Unreal Projects/Myredhood/Content/LowPolyMedievalConstructions/Meshes/SM_Book_2.uasset" 657
"../../../../../../Users/Oil/Documents/Unreal Projects/Myredhood/Content/LowPolyMedievalConstructions/Meshes/SM_Book_7.uasset" 658
"../../../../../../Users/Oil/Documents/Unreal Projects/Myredhood/Content/LowPolyMedievalConstructions/Meshes/SM_Book_6.uasset" 659
"../../../../../../Users/Oil/Documents/Unreal Projects/Myredhood/Content/LowPolyMedievalConstructions/Meshes/SM_Book_1.uasset" 660
"../../../../../../Users/Oil/Documents/Unreal Projects/Myredhood/Content/LowPolyMedievalConstructions/Meshes/SM_Cupboard_4.uasset" 661
"../../../../../../Users/Oil/Documents/Unreal Projects/Myredhood/Content/LowPolyMedievalConstructions/Blueprints/SM_Cupboard_4_Gr_C_Blueprint.uasset" 662
"../../../../../../Users/Oil/Documents/Unreal Projects/Myredhood/Content/LowPolyMedievalConstructions/Meshes/SM_Blowl_1.uasset" 663
"../../../../../../Users/Oil/Documents/Unreal Projects/Myredhood/Content/LowPolyMedievalConstructions/Meshes/SM_Railling.uasset" 664
"../../../../../../Users/Oil/Documents/Unreal Projects/Myredhood/Content/LowPolyMedievalConstructions/Meshes/SM_Ladder.uasset" 665
"../../../../../../Users/Oil/Documents/Unreal Projects/Myredhood/Content/LowPolyMedievalConstructions/Meshes/SM_Floor.uasset" 666
"../../../../../../Users/Oil/Documents/Unreal Projects/Myredhood/Content/LowPolyMedievalConstructions/Meshes/SM_Bucket_1.uasset" 667
"../../../../../../Users/Oil/Documents/Unreal Projects/Myredhood/Content/LowPolyMedievalConstructions/Meshes/SM_Beam_5.uasset" 668
"../../../../../../Users/Oil/Documents/Unreal Projects/Myredhood/Content/LowPolyMedievalConstructions/Meshes/SM_Barrel_1.uasset" 669
"../../../../../../Users/Oil/Documents/Unreal Projects/Myredhood/Content/LowPolyMedievalConstructions/Particles/M_Smoke_PS.uasset" 670
"../../../../../../Users/Oil/Documents/Unreal Projects/Myredhood/Content/LowPolyMedievalConstructions/Meshes/SM_Smoke_3D.uasset" 671
"../../../../../../Users/Oil/Documents/Unreal Projects/Myredhood/Content/LowPolyMedievalConstructions/Particles/Smoke_Torch_P.uasset" 672
"../../../../../../Users/Oil/Documents/Unreal Projects/Myredhood/Content/LowPolyMedievalConstructions/Particles/M_Fire_PS.uasset" 673
"../../../../../../Users/Oil/Documents/Unreal Projects/Myredhood/Content/LowPolyMedievalConstructions/Meshes/SM_Fire_3D.uasset" 674
"../../../../../../Users/Oil/Documents/Unreal Projects/Myredhood/Content/LowPolyMedievalConstructions/Particles/Fire_Torch_P.uasset" 675
"../../../../../../Users/Oil/Documents/Unreal Projects/Myredhood/Content/LowPolyMedievalConstructions/Particles/Fire_Spark_Torch_P.uasset" 676
"../../../../../../Users/Oil/Documents/Unreal Projects/Myredhood/Content/LowPolyMedievalConstructions/Meshes/SM_Torch.uasset" 677
"../../../../../../Users/Oil/Documents/Unreal Projects/Myredhood/Content/LowPolyMedievalConstructions/Blueprints/SM_Torch_Blueprint.uasset" 678
"../../../../../../Users/Oil/Documents/Unreal Projects/Myredhood/Content/LowPolyMedievalConstructions/Meshes/SM_Pot_4_Leaf.uasset" 679
"../../../../../../Users/Oil/Documents/Unreal Projects/Myredhood/Content/LowPolyMedievalConstructions/Meshes/SM_Pot_4_Pot.uasset" 680
"../../../../../../Users/Oil/Documents/Unreal Projects/Myredhood/Content/LowPolyMedievalConstructions/Blueprints/SM_Pot_4_Blueprint.uasset" 681
"../../../../../../Users/Oil/Documents/Unreal Projects/Myredhood/Content/ArchVisPolishPack02/Meshes/Letters/SM_AVP2_R.uasset" 682
"../../../../../../Users/Oil/Documents/Unreal Projects/Myredhood/Content/ArchVisPolishPack02/Meshes/Letters/SM_AVP2_P.uasset" 683
"../../../../../../Users/Oil/Documents/Unreal Projects/Myredhood/Content/ArchVisPolishPack02/Meshes/Letters/SM_AVP2_O.uasset" 684
"../../../../../../Users/Oil/Documents/Unreal Projects/Myredhood/Content/ArchVisPolishPack02/Meshes/Letters/SM_AVP2_N.uasset" 685
"../../../../../../Users/Oil/Documents/Unreal Projects/Myredhood/Content/ArchVisPolishPack02/Meshes/Letters/SM_AVP2_F.uasset" 686
"../../../../../../Users/Oil/Documents/Unreal Projects/Myredhood/Content/ArchVisPolishPack02/Meshes/Letters/SM_AVP2_E.uasset" 687
"../../../../../../Users/Oil/Documents/Unreal Projects/Myredhood/Content/ArchVisPolishPack02/Meshes/Letters/SM_AVP2_D.uasset" 688
"../../../../../../Users/Oil/Documents/Unreal Projects/Myredhood/Content/ArchVisPolishPack02/Meshes/Letters/SM_AVP2_C.uasset" 689
"../../../Engine/Content/BasicShapes/Plane.uasset" 690
"../../../../../../Users/Oil/Documents/Unreal Projects/Myredhood/Content/Maps/Land2.umap" 691
"../../../../../../Users/Oil/Documents/Unreal Projects/Myredhood/Content/Quiz/Map_Quiz_BuiltData.uasset" 692
"../../../../../../Users/Oil/Documents/Unreal Projects/Myredhood/Content/Quiz/Scorec_widget.uasset" 693
"../../../../../../Users/Oil/Documents/Unreal Projects/Myredhood/Content/Quiz/HUD_Quiz.uasset" 694
"../../../../../../Users/Oil/Documents/Unreal Projects/Myredhood/Content/Quiz/GM_Quiz.uasset" 695
"../../../Engine/Content/MapTemplates/SM_Template_Map_Floor.uasset" 696
"../../../Engine/Content/EngineSky/T_Sky_Stars.uasset" 697
"../../../Engine/Content/EngineSky/T_Sky_Clouds_M.uasset" 698
"../../../Engine/Content/EngineSky/T_Sky_Blue.uasset" 699
"../../../Engine/Content/EngineSky/M_Sky_Panning_Clouds2.uasset" 700
"../../../Engine/Content/EngineSky/SM_SkySphere.uasset" 701
"../../../Engine/Content/EngineSky/C_Sky_Zenith_Color.uasset" 702
"../../../Engine/Content/EngineSky/C_Sky_Horizon_Color.uasset" 703
"../../../Engine/Content/EngineSky/C_Sky_Cloud_Color.uasset" 704
"../../../Engine/Content/EngineSky/BP_Sky_Sphere.uasset" 705
"../../../../../../Users/Oil/Documents/Unreal Projects/Myredhood/Content/Quiz/Map_Quiz.umap" 706
"../../../../../../Users/Oil/Documents/Unreal Projects/Myredhood/Content/ThirdPersonBP/Maps/ThirdPersonExampleMap_BuiltData.uasset" 707
"../../../../../../Users/Oil/Documents/Unreal Projects/Myredhood/Content/ThirdPerson/Meshes/RightArm_StaticMesh.uasset" 708
"../../../../../../Users/Oil/Documents/Unreal Projects/Myredhood/Content/ThirdPerson/Meshes/Ramp_StaticMesh.uasset" 709
"../../../../../../Users/Oil/Documents/Unreal Projects/Myredhood/Content/ThirdPerson/Meshes/Linear_Stair_StaticMesh.uasset" 710
"../../../../../../Users/Oil/Documents/Unreal Projects/Myredhood/Content/ThirdPerson/Meshes/LeftArm_StaticMesh.uasset" 711
"../../../../../../Users/Oil/Documents/Unreal Projects/Myredhood/Content/ThirdPerson/Meshes/Bump_StaticMesh.uasset" 712
"../../../../../../Users/Oil/Documents/Unreal Projects/Myredhood/Content/Geometry/Meshes/TemplateFloor.uasset" 713
"../../../../../../Users/Oil/Documents/Unreal Projects/Myredhood/Content/Geometry/Meshes/1M_Cube_Chamfer.uasset" 714
"../../../../../../Users/Oil/Documents/Unreal Projects/Myredhood/Content/ThirdPersonBP/Maps/ThirdPersonExampleMap.umap" 715
